<?xml version="1.0" encoding="UTF-8"?><testrun name="RunCukesTest" project="assessment" tests="8" started="8" failures="0" errors="2" ignored="1">
  <testsuite name="com.link.springer.qa.assessment.RunCukesTest" time="21.159">
    <testsuite name="Feature: Resource Search Functionality Test" time="21.159">
      <testsuite name="Scenario: To search with two blank spaces" time="4.766">
        <testcase name="Given I am on link.springer.com" classname="Scenario: To search with two blank spaces" time="0.273"/>
        <testcase name="When I type two blank spaces and press return key" classname="Scenario: To search with two blank spaces" time="3.512"/>
        <testcase name="Then I the total result is equal total resource" classname="Scenario: To search with two blank spaces" time="0.979"/>
        <testcase name="And close browser" classname="Scenario: To search with two blank spaces" time="0.002"/>
      </testsuite>
      <testsuite name="Scenario: To search with a asterisk" time="6.1" incomplete="true">
        <error>org.openqa.selenium.NoSuchElementException: Unable to locate element: {"method":"xpath","selector":"//*[@id='error']/p[1]"}
Command duration or timeout: 5.72 seconds
For documentation on this error, please visit: http://seleniumhq.org/exceptions/no_such_element.html
Build info: version: '2.53.1', revision: 'a36b8b1cd5757287168e54b817830adce9b0158d', time: '2016-06-30 19:26:09'
System info: host: 'Timothy-PC', ip: '192.168.56.1', os.name: 'Windows 7', os.arch: 'amd64', os.version: '6.1', java.version: '1.8.0_73'
Driver info: org.openqa.selenium.firefox.FirefoxDriver
Capabilities [{applicationCacheEnabled=true, rotatable=false, handlesAlerts=true, databaseEnabled=true, version=46.0.1, platform=WINDOWS, nativeEvents=false, acceptSslCerts=true, webStorageEnabled=true, locationContextEnabled=true, browserName=firefox, takesScreenshot=true, javascriptEnabled=true, cssSelectorsEnabled=true}]
Session ID: e598a8e5-e468-40c6-b237-1ea7bce24b18
*** Element info: {Using=xpath, value=//*[@id='error']/p[1]}&#13;
	at sun.reflect.NativeConstructorAccessorImpl.newInstance0(Native Method)&#13;
	at sun.reflect.NativeConstructorAccessorImpl.newInstance(NativeConstructorAccessorImpl.java:62)&#13;
	at sun.reflect.DelegatingConstructorAccessorImpl.newInstance(DelegatingConstructorAccessorImpl.java:45)&#13;
	at java.lang.reflect.Constructor.newInstance(Constructor.java:422)&#13;
	at org.openqa.selenium.remote.ErrorHandler.createThrowable(ErrorHandler.java:206)&#13;
	at org.openqa.selenium.remote.ErrorHandler.throwIfResponseFailed(ErrorHandler.java:158)&#13;
	at org.openqa.selenium.remote.RemoteWebDriver.execute(RemoteWebDriver.java:678)&#13;
	at org.openqa.selenium.remote.RemoteWebDriver.findElement(RemoteWebDriver.java:363)&#13;
	at org.openqa.selenium.remote.RemoteWebDriver.findElementByXPath(RemoteWebDriver.java:500)&#13;
	at org.openqa.selenium.By$ByXPath.findElement(By.java:361)&#13;
	at org.openqa.selenium.remote.RemoteWebDriver.findElement(RemoteWebDriver.java:355)&#13;
	at com.link.springer.qa.assessment.BlankspaceSearchStep.verifyErrorMessageDisplay(BlankspaceSearchStep.java:58)&#13;
	at ✽.Then I verify error message display(blankspaceSearchTest.feature:14)&#13;
Caused by: org.openqa.selenium.NoSuchElementException: Unable to locate element: {"method":"xpath","selector":"//*[@id='error']/p[1]"}
For documentation on this error, please visit: http://seleniumhq.org/exceptions/no_such_element.html
Build info: version: '2.53.1', revision: 'a36b8b1cd5757287168e54b817830adce9b0158d', time: '2016-06-30 19:26:09'
System info: host: 'Timothy-PC', ip: '192.168.56.1', os.name: 'Windows 7', os.arch: 'amd64', os.version: '6.1', java.version: '1.8.0_73'
Driver info: driver.version: unknown&#13;
	at &lt;anonymous class&gt;.FirefoxDriver.prototype.findElementInternal_(file:///C:/Users/Timothy/AppData/Local/Temp/anonymous2015712089782830457webdriver-profile/extensions/fxdriver@googlecode.com/components/driver-component.js:10770)&#13;
	at &lt;anonymous class&gt;.FirefoxDriver.prototype.findElement(file:///C:/Users/Timothy/AppData/Local/Temp/anonymous2015712089782830457webdriver-profile/extensions/fxdriver@googlecode.com/components/driver-component.js:10779)&#13;
	at &lt;anonymous class&gt;.DelayedCommand.prototype.executeInternal_/h(file:///C:/Users/Timothy/AppData/Local/Temp/anonymous2015712089782830457webdriver-profile/extensions/fxdriver@googlecode.com/components/command-processor.js:12661)&#13;
	at &lt;anonymous class&gt;.DelayedCommand.prototype.executeInternal_(file:///C:/Users/Timothy/AppData/Local/Temp/anonymous2015712089782830457webdriver-profile/extensions/fxdriver@googlecode.com/components/command-processor.js:12666)&#13;
	at &lt;anonymous class&gt;.DelayedCommand.prototype.execute/&lt;(file:///C:/Users/Timothy/AppData/Local/Temp/anonymous2015712089782830457webdriver-profile/extensions/fxdriver@googlecode.com/components/command-processor.js:12608)&#13;
&#13;
</error>
        <testcase name="Given I am on link.springer.com" classname="Scenario: To search with a asterisk" time="0.292"/>
        <testcase name="When I type a with asterisk symbol and press return key" classname="Scenario: To search with a asterisk" time="5.755"/>
        <testcase name="Then I verify error message display" classname="Scenario: To search with a asterisk" time="0.052">
          <error>org.openqa.selenium.NoSuchElementException: Unable to locate element: {"method":"xpath","selector":"//*[@id='error']/p[1]"}
Command duration or timeout: 5.72 seconds
For documentation on this error, please visit: http://seleniumhq.org/exceptions/no_such_element.html
Build info: version: '2.53.1', revision: 'a36b8b1cd5757287168e54b817830adce9b0158d', time: '2016-06-30 19:26:09'
System info: host: 'Timothy-PC', ip: '192.168.56.1', os.name: 'Windows 7', os.arch: 'amd64', os.version: '6.1', java.version: '1.8.0_73'
Driver info: org.openqa.selenium.firefox.FirefoxDriver
Capabilities [{applicationCacheEnabled=true, rotatable=false, handlesAlerts=true, databaseEnabled=true, version=46.0.1, platform=WINDOWS, nativeEvents=false, acceptSslCerts=true, webStorageEnabled=true, locationContextEnabled=true, browserName=firefox, takesScreenshot=true, javascriptEnabled=true, cssSelectorsEnabled=true}]
Session ID: e598a8e5-e468-40c6-b237-1ea7bce24b18
*** Element info: {Using=xpath, value=//*[@id='error']/p[1]}&#13;
	at sun.reflect.NativeConstructorAccessorImpl.newInstance0(Native Method)&#13;
	at sun.reflect.NativeConstructorAccessorImpl.newInstance(NativeConstructorAccessorImpl.java:62)&#13;
	at sun.reflect.DelegatingConstructorAccessorImpl.newInstance(DelegatingConstructorAccessorImpl.java:45)&#13;
	at java.lang.reflect.Constructor.newInstance(Constructor.java:422)&#13;
	at org.openqa.selenium.remote.ErrorHandler.createThrowable(ErrorHandler.java:206)&#13;
	at org.openqa.selenium.remote.ErrorHandler.throwIfResponseFailed(ErrorHandler.java:158)&#13;
	at org.openqa.selenium.remote.RemoteWebDriver.execute(RemoteWebDriver.java:678)&#13;
	at org.openqa.selenium.remote.RemoteWebDriver.findElement(RemoteWebDriver.java:363)&#13;
	at org.openqa.selenium.remote.RemoteWebDriver.findElementByXPath(RemoteWebDriver.java:500)&#13;
	at org.openqa.selenium.By$ByXPath.findElement(By.java:361)&#13;
	at org.openqa.selenium.remote.RemoteWebDriver.findElement(RemoteWebDriver.java:355)&#13;
	at com.link.springer.qa.assessment.BlankspaceSearchStep.verifyErrorMessageDisplay(BlankspaceSearchStep.java:58)&#13;
	at ✽.Then I verify error message display(blankspaceSearchTest.feature:14)&#13;
Caused by: org.openqa.selenium.NoSuchElementException: Unable to locate element: {"method":"xpath","selector":"//*[@id='error']/p[1]"}
For documentation on this error, please visit: http://seleniumhq.org/exceptions/no_such_element.html
Build info: version: '2.53.1', revision: 'a36b8b1cd5757287168e54b817830adce9b0158d', time: '2016-06-30 19:26:09'
System info: host: 'Timothy-PC', ip: '192.168.56.1', os.name: 'Windows 7', os.arch: 'amd64', os.version: '6.1', java.version: '1.8.0_73'
Driver info: driver.version: unknown&#13;
	at &lt;anonymous class&gt;.FirefoxDriver.prototype.findElementInternal_(file:///C:/Users/Timothy/AppData/Local/Temp/anonymous2015712089782830457webdriver-profile/extensions/fxdriver@googlecode.com/components/driver-component.js:10770)&#13;
	at &lt;anonymous class&gt;.FirefoxDriver.prototype.findElement(file:///C:/Users/Timothy/AppData/Local/Temp/anonymous2015712089782830457webdriver-profile/extensions/fxdriver@googlecode.com/components/driver-component.js:10779)&#13;
	at &lt;anonymous class&gt;.DelayedCommand.prototype.executeInternal_/h(file:///C:/Users/Timothy/AppData/Local/Temp/anonymous2015712089782830457webdriver-profile/extensions/fxdriver@googlecode.com/components/command-processor.js:12661)&#13;
	at &lt;anonymous class&gt;.DelayedCommand.prototype.executeInternal_(file:///C:/Users/Timothy/AppData/Local/Temp/anonymous2015712089782830457webdriver-profile/extensions/fxdriver@googlecode.com/components/command-processor.js:12666)&#13;
	at &lt;anonymous class&gt;.DelayedCommand.prototype.execute/&lt;(file:///C:/Users/Timothy/AppData/Local/Temp/anonymous2015712089782830457webdriver-profile/extensions/fxdriver@googlecode.com/components/command-processor.js:12608)&#13;
&#13;
</error>
        </testcase>
        <testcase name="And close browser" classname="Scenario: To search with a asterisk" time="0.03" ignored="true"/>
      </testsuite>
    </testsuite>
  </testsuite>
</testrun>
